<?xml version="1.0" encoding="UTF-8"?>
<testng-results ignored="0" total="1" passed="1" failed="0" skipped="0">
  <reporter-output>
  </reporter-output>
  <suite started-at="2023-01-31T09:55:15 IST" name="tests.Test01_GET" finished-at="2023-01-31T09:55:17 IST" duration-ms="1660">
    <groups>
    </groups>
    <test started-at="2023-01-31T09:55:15 IST" name="Command line test" finished-at="2023-01-31T09:55:17 IST" duration-ms="1660">
      <class name="tests.Test01_GET">
        <test-method signature="test01()[pri:0, instance:tests.Test01_GET@2f490758]" started-at="2023-01-31T09:55:15 IST" name="test01" finished-at="2023-01-31T09:55:17 IST" duration-ms="1630" status="PASS">
          <reporter-output>
          </reporter-output>
        </test-method> <!-- test01 -->
      </class> <!-- tests.Test01_GET -->
    </test> <!-- Command line test -->
  </suite> <!-- tests.Test01_GET -->
</testng-results>
