<?xml version="1.0" encoding="UTF-8"?>
<testng-results ignored="0" total="1" passed="1" failed="0" skipped="0">
  <reporter-output>
  </reporter-output>
  <suite started-at="2023-01-10T10:55:51 IST" name="Default suite" finished-at="2023-01-10T10:55:54 IST" duration-ms="3430">
    <groups>
    </groups>
    <test started-at="2023-01-10T10:55:51 IST" name="Default test" finished-at="2023-01-10T10:55:54 IST" duration-ms="3430">
      <class name="tests.Chrome">
        <test-method signature="chromePlace()[pri:0, instance:tests.Chrome@1817d444]" started-at="2023-01-10T10:55:51 IST" name="chromePlace" finished-at="2023-01-10T10:55:54 IST" duration-ms="3362" status="PASS">
          <reporter-output>
          </reporter-output>
        </test-method> <!-- chromePlace -->
      </class> <!-- tests.Chrome -->
    </test> <!-- Default test -->
  </suite> <!-- Default suite -->
</testng-results>
